Arguments: 
  C:\Program Files\nodejs\node.exe C:\Users\User\AppData\Roaming\npm\node_modules\yarn\bin\yarn.js install

PATH: 
  C:\Users\User\Desktop\cmder\bin;C:\Users\User\Desktop\cmder\vendor\git-for-windows\cmd;C:\Users\User\Desktop\cmder\vendor\conemu-maximus5\ConEmu\Scripts;C:\Users\User\Desktop\cmder\vendor\conemu-maximus5;C:\Users\User\Desktop\cmder\vendor\conemu-maximus5\ConEmu;C:\ProgramData\Oracle\Java\javapath;C:\Windows\system32;C:\Windows;C:\Windows\System32\Wbem;C:\Windows\System32\WindowsPowerShell\v1.0\;C:\Program Files (x86)\sbt\bin;C:\Program Files (x86)\Skype\Phone\;C:\Program Files\nodejs\;C:\Program Files (x86)\Microsoft VS Code\bin;C:\Users\User\AppData\Local\Android\Sdk;C:\Users\User\AppData\Local\Android\sdk\platform-tools;C:\Users\User\AppData\Roaming\npm;C:\Users\User\Desktop\cmder\vendor\git-for-windows\usr\bin;C:\Users\User\Desktop\cmder\vendor\git-for-windows\usr\share\vim\vim74;C:\Users\User\Desktop\cmder\

Yarn version: 
  0.21.3

Node version: 
  6.11.0

Platform: 
  win32 x64

npm manifest: 
  {
  	"name": "Briscolain5Native",
  	"version": "1.0.0",
  	"scripts": {
  		"start-android": "react-native run-android ",
  		"start-ios": "react-native run-ios "
  	},
  	"author": "Cristiano Anselmi",
  	"license": "MIT",
  	"dependencies": {
  		"babel": "^6.5.2",
  		"babel-core": "^6.18.2",
  		"babel-loader": "^6.2.7",
  		"babel-preset-es2015": "^6.18.0",
  		"babel-preset-react": "^6.16.0",
  		"babel-preset-stage-2": "^6.18.0",
  		"react": "^15.6.1",
  		"react-native": "^0.47.1",
  		"react-redux": "^5.0.5",
  		"redux": "^3.6.0",
  		"lodash": "^4.17.4"
  	},
  	"devDependencies": {
  		"babel-jest": "19.0.0",
  		"babel-preset-react-native": "1.9.1",
  		"jest": "19.0.2",
  		"react-test-renderer": "16.0.0-alpha.6",
  		"react-scripts": "^0.7.0",
  		"redux-devtools": "^3.3.1"
  	},
  	"jest": {
  		"preset": "react-native"
  	}
  }

yarn manifest: 
  No manifest

Lockfile: 
  No lockfile

Trace: 
  Error: EBUSY: resource busy or locked, rmdir 'C:\GIT\CardsGameEngine\node_modules\react-native\packager'
      at Error (native)
